mode: atomic
merch-shop/internal/handlers/error.go:13.82,19.2 5 0
merch-shop/internal/handlers/error.go:21.63,25.2 3 0
merch-shop/internal/handlers/error.go:27.76,31.2 3 0
merch-shop/internal/handlers/error.go:33.69,37.2 3 0
merch-shop/internal/datastore/connect.go:11.37,20.16 8 0
merch-shop/internal/datastore/connect.go:20.16,22.3 1 0
merch-shop/internal/datastore/connect.go:23.2,23.17 1 0
merch-shop/cmd/main.go:18.13,20.16 2 0
merch-shop/cmd/main.go:20.16,22.3 1 0
merch-shop/cmd/main.go:24.2,44.16 14 0
merch-shop/cmd/main.go:44.16,46.3 1 0
merch-shop/cmd/main.go:49.88,50.58 1 0
merch-shop/cmd/main.go:50.58,52.3 1 0
merch-shop/internal/coins/balance.go:7.73,10.16 3 0
merch-shop/internal/coins/balance.go:10.16,12.3 1 0
merch-shop/internal/coins/balance.go:13.2,13.22 1 0
merch-shop/internal/coins/history.go:9.77,14.16 5 0
merch-shop/internal/coins/history.go:14.16,16.3 1 0
merch-shop/internal/coins/history.go:18.2,19.45 2 0
merch-shop/internal/coins/history.go:19.45,22.3 2 0
merch-shop/internal/coins/history.go:24.2,27.16 4 0
merch-shop/internal/coins/history.go:27.16,29.3 1 0
merch-shop/internal/coins/history.go:30.2,31.45 2 0
merch-shop/internal/coins/history.go:31.45,34.3 2 0
merch-shop/internal/coins/history.go:36.2,36.17 1 0
merch-shop/internal/coins/history.go:39.95,41.16 2 0
merch-shop/internal/coins/history.go:41.16,43.3 1 0
merch-shop/internal/coins/history.go:44.2,47.18 3 0
merch-shop/internal/coins/history.go:47.18,50.17 3 0
merch-shop/internal/coins/history.go:50.17,52.4 1 0
merch-shop/internal/coins/history.go:53.3,53.51 1 0
merch-shop/internal/coins/history.go:56.2,56.34 1 0
merch-shop/internal/coins/history.go:56.34,58.3 1 0
merch-shop/internal/coins/history.go:59.2,59.26 1 0
merch-shop/internal/coins/history.go:62.61,65.16 3 0
merch-shop/internal/coins/history.go:65.16,67.3 1 0
merch-shop/internal/coins/history.go:68.2,71.18 3 0
merch-shop/internal/coins/history.go:71.18,75.17 4 0
merch-shop/internal/coins/history.go:75.17,77.4 1 0
merch-shop/internal/coins/history.go:78.3,79.31 2 0
merch-shop/internal/coins/history.go:82.2,82.34 1 0
merch-shop/internal/coins/history.go:82.34,84.3 1 0
merch-shop/internal/coins/history.go:85.2,85.20 1 0
merch-shop/internal/coins/repo.go:9.49,11.2 1 0
merch-shop/internal/coins/send.go:8.89,9.48 1 0
merch-shop/internal/coins/send.go:9.48,11.3 1 0
merch-shop/internal/coins/send.go:13.2,16.13 3 0
merch-shop/internal/coins/send.go:16.13,18.14 2 0
merch-shop/internal/coins/send.go:18.14,20.4 1 0
merch-shop/internal/coins/send.go:23.2,29.16 3 0
merch-shop/internal/coins/send.go:29.16,31.3 1 0
merch-shop/internal/coins/send.go:33.2,35.16 3 0
merch-shop/internal/coins/send.go:35.16,37.3 1 0
merch-shop/internal/coins/send.go:38.2,38.17 1 0
merch-shop/internal/inventory/check.go:5.51,10.2 4 0
merch-shop/internal/inventory/get.go:7.72,14.16 3 0
merch-shop/internal/inventory/get.go:14.16,16.3 1 0
merch-shop/internal/inventory/get.go:17.2,20.18 3 0
merch-shop/internal/inventory/get.go:20.18,23.17 3 0
merch-shop/internal/inventory/get.go:23.17,25.4 1 0
merch-shop/internal/inventory/get.go:26.3,26.30 1 0
merch-shop/internal/inventory/get.go:29.2,29.34 1 0
merch-shop/internal/inventory/get.go:29.34,31.3 1 0
merch-shop/internal/inventory/get.go:33.2,33.19 1 0
merch-shop/internal/inventory/price.go:5.68,7.13 2 0
merch-shop/internal/inventory/price.go:7.13,9.3 1 0
merch-shop/internal/inventory/price.go:11.2,13.15 3 0
merch-shop/internal/inventory/repo.go:9.53,11.2 1 0
merch-shop/internal/inventory/take.go:5.86,10.13 4 0
merch-shop/internal/inventory/take.go:10.13,13.17 3 0
merch-shop/internal/inventory/take.go:13.17,15.4 1 0
merch-shop/internal/inventory/take.go:16.3,16.13 1 0
merch-shop/internal/inventory/take.go:19.2,25.16 3 0
merch-shop/internal/inventory/take.go:25.16,27.3 1 0
merch-shop/internal/inventory/take.go:28.2,28.12 1 0
merch-shop/internal/session/manager.go:19.44,24.2 1 0
merch-shop/internal/session/manager.go:26.70,29.2 2 0
merch-shop/internal/session/manager.go:31.74,42.2 3 0
merch-shop/internal/session/manager.go:44.92,46.19 2 0
merch-shop/internal/session/manager.go:46.19,48.3 1 0
merch-shop/internal/session/manager.go:50.2,50.66 1 0
merch-shop/internal/session/manager.go:50.66,52.37 2 0
merch-shop/internal/session/manager.go:52.37,54.4 1 0
merch-shop/internal/session/manager.go:55.3,55.33 1 0
merch-shop/internal/session/manager.go:58.2,60.19 3 0
merch-shop/internal/session/manager.go:60.19,62.3 1 0
merch-shop/internal/session/manager.go:64.2,65.8 2 0
merch-shop/internal/session/manager.go:65.8,72.3 4 0
merch-shop/internal/session/manager.go:73.2,73.23 1 0
merch-shop/internal/session/session.go:17.46,20.16 3 0
merch-shop/internal/session/session.go:20.16,22.3 1 0
merch-shop/internal/session/session.go:23.2,26.3 1 0
merch-shop/internal/session/session.go:37.64,39.24 2 0
merch-shop/internal/session/session.go:39.24,41.3 1 0
merch-shop/internal/session/session.go:42.2,42.18 1 0
merch-shop/internal/session/session.go:45.77,47.2 1 0
merch-shop/test/utils.go:18.40,20.16 2 0
merch-shop/test/utils.go:20.16,22.3 1 0
merch-shop/test/utils.go:24.2,35.20 6 0
merch-shop/test/utils.go:38.81,40.35 2 0
merch-shop/test/utils.go:40.35,42.3 1 0
merch-shop/test/utils.go:44.2,44.30 1 0
merch-shop/test/utils.go:47.80,48.73 1 0
merch-shop/test/utils.go:48.73,50.3 1 0
merch-shop/test/utils.go:52.2,54.16 3 0
merch-shop/test/utils.go:54.16,56.3 1 0
merch-shop/test/utils.go:58.2,59.24 2 0
merch-shop/test/utils.go:59.24,61.3 1 0
merch-shop/test/utils.go:64.68,65.30 1 0
merch-shop/test/utils.go:65.30,67.3 1 0
merch-shop/test/utils.go:69.2,69.73 1 0
merch-shop/test/utils.go:69.73,71.3 1 0
merch-shop/internal/utils/check.go:7.51,12.2 4 0
merch-shop/internal/utils/check.go:14.51,19.2 4 0
merch-shop/internal/utils/check.go:21.51,26.2 4 0
merch-shop/internal/utils/get.go:7.53,11.2 3 0
merch-shop/internal/utils/get.go:13.56,16.18 3 0
merch-shop/internal/utils/get.go:16.18,18.3 1 0
merch-shop/internal/utils/get.go:20.2,21.15 2 0
merch-shop/internal/middleware/auth.go:8.81,9.75 1 0
merch-shop/internal/middleware/auth.go:9.75,11.32 2 0
merch-shop/internal/middleware/auth.go:11.32,15.4 3 0
merch-shop/internal/middleware/auth.go:16.3,16.27 1 0
merch-shop/internal/user/auth.go:8.79,10.12 2 0
merch-shop/internal/user/auth.go:10.12,12.17 2 0
merch-shop/internal/user/auth.go:12.17,14.4 1 0
merch-shop/internal/user/auth.go:15.3,16.17 2 0
merch-shop/internal/user/auth.go:16.17,18.4 1 0
merch-shop/internal/user/auth.go:19.3,19.13 1 0
merch-shop/internal/user/auth.go:19.13,21.4 1 0
merch-shop/internal/user/auth.go:23.3,24.29 2 0
merch-shop/internal/user/auth.go:27.2,28.16 2 0
merch-shop/internal/user/auth.go:28.16,30.3 1 0
merch-shop/internal/user/auth.go:32.2,32.27 1 0
merch-shop/internal/user/create.go:8.56,10.16 2 0
merch-shop/internal/user/create.go:10.16,12.3 1 0
merch-shop/internal/user/create.go:14.2,20.16 6 0
merch-shop/internal/user/create.go:20.16,22.3 1 0
merch-shop/internal/user/create.go:24.2,25.23 2 0
merch-shop/internal/user/password.go:10.68,13.16 3 0
merch-shop/internal/user/password.go:13.16,15.3 1 0
merch-shop/internal/user/password.go:16.2,16.26 1 0
merch-shop/internal/user/password.go:19.52,24.16 4 0
merch-shop/internal/user/password.go:24.16,26.3 1 0
merch-shop/internal/user/password.go:27.2,30.28 3 0
merch-shop/internal/user/password.go:33.65,35.16 2 0
merch-shop/internal/user/password.go:35.16,37.3 1 0
merch-shop/internal/user/password.go:38.2,38.36 1 0
merch-shop/internal/user/repo.go:12.48,14.2 1 0
merch-shop/internal/user/repo.go:16.69,19.16 3 0
merch-shop/internal/user/repo.go:19.16,21.3 1 0
merch-shop/internal/user/repo.go:22.2,22.21 1 0
merch-shop/internal/coins/balance.go:7.73,10.16 3 5
merch-shop/internal/coins/balance.go:10.16,12.3 1 0
merch-shop/internal/coins/balance.go:13.2,13.22 1 5
merch-shop/internal/coins/history.go:9.77,14.16 5 1
merch-shop/internal/coins/history.go:14.16,16.3 1 0
merch-shop/internal/coins/history.go:18.2,19.45 2 1
merch-shop/internal/coins/history.go:19.45,22.3 2 0
merch-shop/internal/coins/history.go:24.2,27.16 4 1
merch-shop/internal/coins/history.go:27.16,29.3 1 0
merch-shop/internal/coins/history.go:30.2,31.45 2 1
merch-shop/internal/coins/history.go:31.45,34.3 2 4
merch-shop/internal/coins/history.go:36.2,36.17 1 1
merch-shop/internal/coins/history.go:39.95,41.16 2 2
merch-shop/internal/coins/history.go:41.16,43.3 1 0
merch-shop/internal/coins/history.go:44.2,47.18 3 2
merch-shop/internal/coins/history.go:47.18,50.17 3 4
merch-shop/internal/coins/history.go:50.17,52.4 1 0
merch-shop/internal/coins/history.go:53.3,53.51 1 4
merch-shop/internal/coins/history.go:56.2,56.34 1 2
merch-shop/internal/coins/history.go:56.34,58.3 1 0
merch-shop/internal/coins/history.go:59.2,59.26 1 2
merch-shop/internal/coins/history.go:62.61,65.16 3 0
merch-shop/internal/coins/history.go:65.16,67.3 1 0
merch-shop/internal/coins/history.go:68.2,71.18 3 0
merch-shop/internal/coins/history.go:71.18,75.17 4 0
merch-shop/internal/coins/history.go:75.17,77.4 1 0
merch-shop/internal/coins/history.go:78.3,79.31 2 0
merch-shop/internal/coins/history.go:82.2,82.34 1 0
merch-shop/internal/coins/history.go:82.34,84.3 1 0
merch-shop/internal/coins/history.go:85.2,85.20 1 0
merch-shop/internal/coins/repo.go:9.49,11.2 1 1
merch-shop/internal/coins/send.go:8.89,9.48 1 4
merch-shop/internal/coins/send.go:9.48,11.3 1 0
merch-shop/internal/coins/send.go:13.2,16.13 3 4
merch-shop/internal/coins/send.go:16.13,18.14 2 2
merch-shop/internal/coins/send.go:18.14,20.4 1 0
merch-shop/internal/coins/send.go:23.2,29.16 3 4
merch-shop/internal/coins/send.go:29.16,31.3 1 0
merch-shop/internal/coins/send.go:33.2,35.16 3 4
merch-shop/internal/coins/send.go:35.16,37.3 1 0
merch-shop/internal/coins/send.go:38.2,38.17 1 4
merch-shop/internal/datastore/connect.go:11.37,20.16 8 1
merch-shop/internal/datastore/connect.go:20.16,22.3 1 0
merch-shop/internal/datastore/connect.go:23.2,23.17 1 1
merch-shop/internal/handlers/error.go:13.82,19.2 5 17
merch-shop/internal/handlers/error.go:21.63,25.2 3 13
merch-shop/internal/handlers/error.go:27.76,31.2 3 0
merch-shop/internal/handlers/error.go:33.69,37.2 3 4
merch-shop/internal/handlers/user/auth.go:16.86,17.35 1 12
merch-shop/internal/handlers/user/auth.go:17.35,19.21 2 2
merch-shop/internal/handlers/user/auth.go:19.21,21.4 1 0
merch-shop/internal/handlers/user/auth.go:22.3,22.9 1 2
merch-shop/internal/handlers/user/auth.go:25.2,27.16 3 10
merch-shop/internal/handlers/user/auth.go:27.16,29.21 2 2
merch-shop/internal/handlers/user/auth.go:29.21,31.4 1 0
merch-shop/internal/handlers/user/auth.go:32.3,32.9 1 2
merch-shop/internal/handlers/user/auth.go:35.2,35.46 1 8
merch-shop/internal/handlers/user/auth.go:35.46,37.21 2 6
merch-shop/internal/handlers/user/auth.go:37.21,39.4 1 0
merch-shop/internal/handlers/user/auth.go:40.3,40.9 1 6
merch-shop/internal/handlers/user/auth.go:43.2,49.16 3 2
merch-shop/internal/handlers/user/auth.go:49.16,51.3 1 1
merch-shop/internal/handlers/user/auth.go:53.2,53.14 1 2
merch-shop/internal/handlers/user/auth.go:54.11,56.21 2 1
merch-shop/internal/handlers/user/auth.go:56.21,58.4 1 0
merch-shop/internal/handlers/user/auth.go:59.3,59.9 1 1
merch-shop/internal/handlers/user/auth.go:61.11,63.21 2 0
merch-shop/internal/handlers/user/auth.go:63.21,65.4 1 0
merch-shop/internal/handlers/user/auth.go:66.3,66.9 1 0
merch-shop/internal/handlers/user/auth.go:69.2,79.20 6 1
merch-shop/internal/handlers/user/auth.go:79.20,81.3 1 0
merch-shop/internal/handlers/user/auth.go:84.100,87.21 3 1
merch-shop/internal/handlers/user/auth.go:87.21,89.21 2 0
merch-shop/internal/handlers/user/auth.go:89.21,91.4 1 0
merch-shop/internal/handlers/user/auth.go:93.3,94.12 2 0
merch-shop/internal/handlers/user/auth.go:96.2,96.20 1 1
merch-shop/internal/handlers/user/balance.go:9.96,11.16 2 8
merch-shop/internal/handlers/user/balance.go:11.16,13.21 2 3
merch-shop/internal/handlers/user/balance.go:13.21,15.4 1 0
merch-shop/internal/handlers/user/balance.go:16.3,16.18 1 3
merch-shop/internal/handlers/user/balance.go:19.2,20.16 2 5
merch-shop/internal/handlers/user/balance.go:20.16,22.21 2 0
merch-shop/internal/handlers/user/balance.go:22.21,24.4 1 0
merch-shop/internal/handlers/user/balance.go:25.3,25.18 1 0
merch-shop/internal/handlers/user/balance.go:28.2,29.16 2 5
merch-shop/internal/handlers/user/balance.go:29.16,31.21 2 0
merch-shop/internal/handlers/user/balance.go:31.21,33.4 1 0
merch-shop/internal/handlers/user/balance.go:34.3,34.18 1 0
merch-shop/internal/handlers/user/balance.go:36.2,36.24 1 5
merch-shop/internal/handlers/user/buy.go:12.79,13.34 1 5
merch-shop/internal/handlers/user/buy.go:13.34,15.21 2 1
merch-shop/internal/handlers/user/buy.go:15.21,17.4 1 0
merch-shop/internal/handlers/user/buy.go:18.3,18.9 1 1
merch-shop/internal/handlers/user/buy.go:21.2,23.18 3 4
merch-shop/internal/handlers/user/buy.go:23.18,26.21 3 1
merch-shop/internal/handlers/user/buy.go:26.21,28.4 1 0
merch-shop/internal/handlers/user/buy.go:29.3,29.9 1 1
merch-shop/internal/handlers/user/buy.go:32.2,33.37 2 3
merch-shop/internal/handlers/user/buy.go:33.37,35.3 1 1
merch-shop/internal/handlers/user/buy.go:37.2,45.16 3 2
merch-shop/internal/handlers/user/buy.go:45.16,47.3 1 0
merch-shop/internal/handlers/user/buy.go:49.2,49.14 1 2
merch-shop/internal/handlers/user/buy.go:50.11,52.21 2 0
merch-shop/internal/handlers/user/buy.go:52.21,54.4 1 0
merch-shop/internal/handlers/user/buy.go:55.3,55.9 1 0
merch-shop/internal/handlers/user/buy.go:57.11,59.21 2 0
merch-shop/internal/handlers/user/buy.go:59.21,61.4 1 0
merch-shop/internal/handlers/user/buy.go:62.3,62.9 1 0
merch-shop/internal/handlers/user/buy.go:65.2,66.16 2 2
merch-shop/internal/handlers/user/buy.go:66.16,68.21 2 0
merch-shop/internal/handlers/user/buy.go:68.21,70.4 1 0
merch-shop/internal/handlers/user/buy.go:71.3,71.9 1 0
merch-shop/internal/handlers/user/buy.go:74.2,74.32 1 2
merch-shop/internal/handlers/user/get.go:12.77,13.34 1 3
merch-shop/internal/handlers/user/get.go:13.34,15.21 2 1
merch-shop/internal/handlers/user/get.go:15.21,17.4 1 0
merch-shop/internal/handlers/user/get.go:18.3,18.9 1 1
merch-shop/internal/handlers/user/get.go:21.2,22.37 2 2
merch-shop/internal/handlers/user/get.go:22.37,24.3 1 1
merch-shop/internal/handlers/user/get.go:26.2,27.16 2 1
merch-shop/internal/handlers/user/get.go:27.16,29.21 2 0
merch-shop/internal/handlers/user/get.go:29.21,31.4 1 0
merch-shop/internal/handlers/user/get.go:32.3,32.9 1 0
merch-shop/internal/handlers/user/get.go:35.2,36.16 2 1
merch-shop/internal/handlers/user/get.go:36.16,38.21 2 0
merch-shop/internal/handlers/user/get.go:38.21,40.4 1 0
merch-shop/internal/handlers/user/get.go:41.3,41.9 1 0
merch-shop/internal/handlers/user/get.go:44.2,57.20 5 1
merch-shop/internal/handlers/user/get.go:57.20,59.3 1 0
merch-shop/internal/handlers/user/send.go:16.79,17.35 1 3
merch-shop/internal/handlers/user/send.go:17.35,19.21 2 0
merch-shop/internal/handlers/user/send.go:19.21,21.4 1 0
merch-shop/internal/handlers/user/send.go:22.3,22.9 1 0
merch-shop/internal/handlers/user/send.go:25.2,27.16 3 3
merch-shop/internal/handlers/user/send.go:27.16,29.21 2 0
merch-shop/internal/handlers/user/send.go:29.21,31.4 1 0
merch-shop/internal/handlers/user/send.go:32.3,32.9 1 0
merch-shop/internal/handlers/user/send.go:35.2,35.41 1 3
merch-shop/internal/handlers/user/send.go:35.41,37.21 2 0
merch-shop/internal/handlers/user/send.go:37.21,39.4 1 0
merch-shop/internal/handlers/user/send.go:40.3,40.9 1 0
merch-shop/internal/handlers/user/send.go:43.2,44.37 2 3
merch-shop/internal/handlers/user/send.go:44.37,46.3 1 1
merch-shop/internal/handlers/user/send.go:48.2,56.16 3 2
merch-shop/internal/handlers/user/send.go:56.16,58.3 1 0
merch-shop/internal/handlers/user/send.go:60.2,60.14 1 2
merch-shop/internal/handlers/user/send.go:61.11,63.21 2 0
merch-shop/internal/handlers/user/send.go:63.21,65.4 1 0
merch-shop/internal/handlers/user/send.go:66.3,66.9 1 0
merch-shop/internal/handlers/user/send.go:68.11,70.21 2 0
merch-shop/internal/handlers/user/send.go:70.21,72.4 1 0
merch-shop/internal/handlers/user/send.go:73.3,73.9 1 0
merch-shop/internal/handlers/user/send.go:76.2,77.32 2 2
merch-shop/internal/handlers/user/user.go:18.97,20.23 2 8
merch-shop/internal/handlers/user/user.go:20.23,22.3 1 3
merch-shop/internal/handlers/user/user.go:24.2,26.22 3 5
merch-shop/internal/inventory/check.go:5.51,10.2 4 2
merch-shop/internal/inventory/get.go:7.72,14.16 3 1
merch-shop/internal/inventory/get.go:14.16,16.3 1 0
merch-shop/internal/inventory/get.go:17.2,20.18 3 1
merch-shop/internal/inventory/get.go:20.18,23.17 3 1
merch-shop/internal/inventory/get.go:23.17,25.4 1 0
merch-shop/internal/inventory/get.go:26.3,26.30 1 1
merch-shop/internal/inventory/get.go:29.2,29.34 1 1
merch-shop/internal/inventory/get.go:29.34,31.3 1 0
merch-shop/internal/inventory/get.go:33.2,33.19 1 1
merch-shop/internal/inventory/price.go:5.68,7.13 2 4
merch-shop/internal/inventory/price.go:7.13,9.3 1 1
merch-shop/internal/inventory/price.go:11.2,13.15 3 3
merch-shop/internal/inventory/repo.go:9.53,11.2 1 1
merch-shop/internal/inventory/take.go:5.86,10.13 4 2
merch-shop/internal/inventory/take.go:10.13,13.17 3 1
merch-shop/internal/inventory/take.go:13.17,15.4 1 0
merch-shop/internal/inventory/take.go:16.3,16.13 1 1
merch-shop/internal/inventory/take.go:19.2,25.16 3 1
merch-shop/internal/inventory/take.go:25.16,27.3 1 0
merch-shop/internal/inventory/take.go:28.2,28.12 1 1
merch-shop/internal/session/manager.go:19.44,24.2 1 1
merch-shop/internal/session/manager.go:26.70,29.2 2 1
merch-shop/internal/session/manager.go:31.74,42.2 3 1
merch-shop/internal/session/manager.go:44.92,46.19 2 0
merch-shop/internal/session/manager.go:46.19,48.3 1 0
merch-shop/internal/session/manager.go:50.2,50.66 1 0
merch-shop/internal/session/manager.go:50.66,52.37 2 0
merch-shop/internal/session/manager.go:52.37,54.4 1 0
merch-shop/internal/session/manager.go:55.3,55.33 1 0
merch-shop/internal/session/manager.go:58.2,60.19 3 0
merch-shop/internal/session/manager.go:60.19,62.3 1 0
merch-shop/internal/session/manager.go:64.2,65.8 2 0
merch-shop/internal/session/manager.go:65.8,72.3 4 0
merch-shop/internal/session/manager.go:73.2,73.23 1 0
merch-shop/internal/session/session.go:17.46,20.16 3 1
merch-shop/internal/session/session.go:20.16,22.3 1 0
merch-shop/internal/session/session.go:23.2,26.3 1 1
merch-shop/internal/session/session.go:37.64,39.24 2 8
merch-shop/internal/session/session.go:39.24,41.3 1 3
merch-shop/internal/session/session.go:42.2,42.18 1 5
merch-shop/internal/session/session.go:45.77,47.2 1 0
merch-shop/internal/user/auth.go:8.79,10.12 2 2
merch-shop/internal/user/auth.go:10.12,12.17 2 1
merch-shop/internal/user/auth.go:12.17,14.4 1 0
merch-shop/internal/user/auth.go:15.3,16.17 2 1
merch-shop/internal/user/auth.go:16.17,18.4 1 0
merch-shop/internal/user/auth.go:19.3,19.13 1 1
merch-shop/internal/user/auth.go:19.13,21.4 1 1
merch-shop/internal/user/auth.go:23.3,24.29 2 0
merch-shop/internal/user/auth.go:27.2,28.16 2 1
merch-shop/internal/user/auth.go:28.16,30.3 1 0
merch-shop/internal/user/auth.go:32.2,32.27 1 1
merch-shop/internal/user/create.go:8.56,10.16 2 1
merch-shop/internal/user/create.go:10.16,12.3 1 0
merch-shop/internal/user/create.go:14.2,20.16 6 1
merch-shop/internal/user/create.go:20.16,22.3 1 0
merch-shop/internal/user/create.go:24.2,25.23 2 1
merch-shop/internal/user/password.go:10.68,13.16 3 1
merch-shop/internal/user/password.go:13.16,15.3 1 0
merch-shop/internal/user/password.go:16.2,16.26 1 1
merch-shop/internal/user/password.go:19.52,24.16 4 2
merch-shop/internal/user/password.go:24.16,26.3 1 0
merch-shop/internal/user/password.go:27.2,30.28 3 2
merch-shop/internal/user/password.go:33.65,35.16 2 1
merch-shop/internal/user/password.go:35.16,37.3 1 0
merch-shop/internal/user/password.go:38.2,38.36 1 1
merch-shop/internal/user/repo.go:12.48,14.2 1 1
merch-shop/internal/user/repo.go:16.69,19.16 3 5
merch-shop/internal/user/repo.go:19.16,21.3 1 0
merch-shop/internal/user/repo.go:22.2,22.21 1 5
merch-shop/internal/utils/check.go:7.51,12.2 4 6
merch-shop/internal/utils/check.go:14.51,19.2 4 2
merch-shop/internal/utils/check.go:21.51,26.2 4 4
merch-shop/internal/utils/get.go:7.53,11.2 3 0
merch-shop/internal/utils/get.go:13.56,16.18 3 4
merch-shop/internal/utils/get.go:16.18,18.3 1 2
merch-shop/internal/utils/get.go:20.2,21.15 2 2
